TN:
SF:src\app.js
FN:20,(anonymous_0)
FNF:1
FNH:1
FNDA:1,(anonymous_0)
DA:9,2
DA:11,2
DA:12,2
DA:13,2
DA:15,2
DA:18,2
DA:20,2
LF:7
LH:7
BRF:0
BRH:0
end_of_record
TN:
SF:src\controllers\authController.js
FN:10,(anonymous_0)
FN:53,(anonymous_1)
FN:92,(anonymous_2)
FN:103,(anonymous_3)
FN:143,(anonymous_4)
FN:185,(anonymous_5)
FN:220,(anonymous_6)
FNF:7
FNH:7
FNDA:14,(anonymous_0)
FNDA:22,(anonymous_1)
FNDA:2,(anonymous_2)
FNDA:11,(anonymous_3)
FNDA:6,(anonymous_4)
FNDA:9,(anonymous_5)
FNDA:7,(anonymous_6)
DA:7,3
DA:8,3
DA:10,3
DA:11,14
DA:12,14
DA:13,14
DA:14,3
DA:18,11
DA:19,1
DA:21,9
DA:22,1
DA:25,8
DA:28,8
DA:29,4
DA:30,4
DA:31,4
DA:32,4
DA:33,3
DA:34,3
DA:36,2
DA:37,2
DA:38,2
DA:40,1
DA:44,5
DA:46,5
DA:48,1
DA:49,1
DA:53,3
DA:54,22
DA:55,22
DA:56,22
DA:57,22
DA:60,20
DA:61,20
DA:62,20
DA:63,2
DA:64,19
DA:66,7
DA:67,7
DA:69,5
DA:70,5
DA:73,5
DA:85,5
DA:87,1
DA:88,1
DA:92,3
DA:93,2
DA:94,2
DA:95,2
DA:96,1
DA:98,1
DA:99,1
DA:103,3
DA:104,11
DA:105,11
DA:106,11
DA:107,10
DA:108,10
DA:109,8
DA:113,8
DA:114,5
DA:115,4
DA:116,4
DA:119,3
DA:122,3
DA:123,3
DA:125,2
DA:126,2
DA:127,2
DA:129,0
DA:134,5
DA:135,4
DA:136,3
DA:138,1
DA:139,1
DA:143,3
DA:144,6
DA:145,6
DA:146,6
DA:147,6
DA:148,5
DA:150,5
DA:151,5
DA:153,1
DA:156,4
DA:158,3
DA:160,2
DA:161,2
DA:162,2
DA:163,1
DA:168,1
DA:172,2
DA:173,1
DA:178,1
DA:180,1
DA:181,1
DA:185,3
DA:186,9
DA:187,9
DA:188,9
DA:189,9
DA:190,8
DA:192,8
DA:194,7
DA:195,7
DA:196,7
DA:198,7
DA:201,6
DA:203,5
DA:204,5
DA:205,4
DA:207,3
DA:208,3
DA:210,2
DA:211,2
DA:213,1
DA:215,1
DA:216,1
DA:220,3
DA:221,7
DA:222,7
DA:223,7
DA:224,7
DA:225,6
DA:227,6
DA:229,5
DA:230,5
DA:232,5
DA:233,5
DA:235,4
DA:236,4
DA:237,3
DA:239,2
DA:240,2
DA:242,1
DA:244,1
DA:245,1
LF:137
LH:136
BRDA:7,0,0,3
BRDA:7,0,1,3
BRDA:8,1,0,3
BRDA:8,1,1,3
BRDA:13,2,0,3
BRDA:13,2,1,11
BRDA:13,3,0,14
BRDA:13,3,1,12
BRDA:13,3,2,12
BRDA:18,4,0,1
BRDA:18,4,1,9
BRDA:21,5,0,1
BRDA:21,5,1,8
BRDA:25,6,0,8
BRDA:25,6,1,8
BRDA:28,7,0,4
BRDA:28,7,1,4
BRDA:30,8,0,4
BRDA:30,8,1,1
BRDA:32,9,0,1
BRDA:32,9,1,3
BRDA:38,10,0,1
BRDA:38,10,1,1
BRDA:38,11,0,2
BRDA:38,11,1,2
BRDA:56,12,0,22
BRDA:56,12,1,20
BRDA:56,12,2,2
BRDA:57,13,0,2
BRDA:57,13,1,20
BRDA:57,14,0,22
BRDA:57,14,1,21
BRDA:61,15,0,20
BRDA:61,15,1,20
BRDA:62,16,0,18
BRDA:62,16,1,2
BRDA:64,17,0,12
BRDA:64,17,1,7
BRDA:66,18,0,7
BRDA:66,18,1,0
BRDA:67,19,0,2
BRDA:67,19,1,5
BRDA:106,20,0,1
BRDA:106,20,1,10
BRDA:107,21,0,10
BRDA:107,21,1,0
BRDA:108,22,0,2
BRDA:108,22,1,8
BRDA:113,23,0,5
BRDA:113,23,1,3
BRDA:114,24,0,1
BRDA:114,24,1,4
BRDA:116,25,0,1
BRDA:116,25,1,3
BRDA:119,26,0,3
BRDA:119,26,1,0
BRDA:122,27,0,3
BRDA:122,27,1,0
BRDA:123,28,0,2
BRDA:123,28,1,1
BRDA:125,29,0,2
BRDA:125,29,1,0
BRDA:125,30,0,2
BRDA:125,30,1,2
BRDA:126,31,0,2
BRDA:126,31,1,0
BRDA:127,32,0,1
BRDA:127,32,1,1
BRDA:135,33,0,1
BRDA:135,33,1,3
BRDA:145,34,0,6
BRDA:145,34,1,1
BRDA:147,35,0,1
BRDA:147,35,1,5
BRDA:156,36,0,4
BRDA:156,36,1,2
BRDA:156,36,2,2
BRDA:158,37,0,2
BRDA:158,37,1,1
BRDA:158,38,0,3
BRDA:158,38,1,2
BRDA:162,39,0,1
BRDA:162,39,1,1
BRDA:172,40,0,1
BRDA:172,40,1,1
BRDA:187,41,0,9
BRDA:187,41,1,1
BRDA:189,42,0,1
BRDA:189,42,1,8
BRDA:195,43,0,0
BRDA:195,43,1,7
BRDA:196,44,0,7
BRDA:196,44,1,0
BRDA:198,45,0,1
BRDA:198,45,1,6
BRDA:198,46,0,7
BRDA:198,46,1,6
BRDA:201,47,0,1
BRDA:201,47,1,5
BRDA:205,48,0,1
BRDA:205,48,1,3
BRDA:207,49,0,3
BRDA:207,49,1,0
BRDA:208,50,0,1
BRDA:208,50,1,2
BRDA:211,51,0,1
BRDA:211,51,1,1
BRDA:222,52,0,7
BRDA:222,52,1,1
BRDA:224,53,0,1
BRDA:224,53,1,6
BRDA:230,54,0,0
BRDA:230,54,1,5
BRDA:232,55,0,5
BRDA:232,55,1,0
BRDA:233,56,0,1
BRDA:233,56,1,4
BRDA:237,57,0,1
BRDA:237,57,1,2
BRDA:239,58,0,2
BRDA:239,58,1,0
BRDA:240,59,0,1
BRDA:240,59,1,1
BRF:123
BRH:111
end_of_record
TN:
SF:src\middleware\requireAdmin.js
FN:6,(anonymous_0)
FNF:1
FNH:1
FNDA:26,(anonymous_0)
DA:4,3
DA:6,3
DA:7,26
DA:8,26
DA:9,26
DA:10,26
DA:11,23
DA:13,23
DA:14,20
DA:15,19
DA:16,18
DA:17,14
DA:18,14
DA:20,1
DA:21,1
LF:15
LH:15
BRDA:4,0,0,3
BRDA:4,0,1,3
BRDA:8,1,0,26
BRDA:8,1,1,3
BRDA:10,2,0,3
BRDA:10,2,1,23
BRDA:14,3,0,1
BRDA:14,3,1,19
BRDA:14,4,0,20
BRDA:14,4,1,20
BRDA:16,5,0,4
BRDA:16,5,1,14
BRDA:16,6,0,18
BRDA:16,6,1,17
BRF:14
BRH:14
end_of_record
TN:
SF:src\models\userModel.js
FN:7,(anonymous_0)
FN:17,(anonymous_1)
FN:22,(anonymous_2)
FN:27,(anonymous_3)
FN:32,(anonymous_4)
FN:37,(anonymous_5)
FN:42,(anonymous_6)
FN:47,(anonymous_7)
FN:52,(anonymous_8)
FNF:9
FNH:9
FNDA:3,(anonymous_0)
FNDA:9,(anonymous_1)
FNDA:7,(anonymous_2)
FNDA:11,(anonymous_3)
FNDA:34,(anonymous_4)
FNDA:2,(anonymous_5)
FNDA:2,(anonymous_6)
FNDA:5,(anonymous_7)
FNDA:2,(anonymous_8)
DA:5,2
DA:7,2
DA:8,3
DA:14,3
DA:17,2
DA:18,9
DA:19,8
DA:22,2
DA:23,7
DA:24,7
DA:27,2
DA:28,11
DA:29,9
DA:32,2
DA:33,34
DA:34,31
DA:37,2
DA:38,2
DA:39,2
DA:42,2
DA:43,2
DA:44,1
DA:47,2
DA:48,5
DA:49,4
DA:52,2
DA:53,2
DA:57,2
LF:28
LH:28
BRDA:7,0,0,2
BRDA:12,1,0,3
BRDA:12,1,1,3
BRDA:12,2,0,3
BRDA:12,2,1,3
BRDA:12,3,0,3
BRDA:12,3,1,3
BRDA:29,4,0,9
BRDA:29,4,1,5
BRDA:34,5,0,31
BRDA:34,5,1,5
BRDA:39,6,0,2
BRDA:39,6,1,0
BRDA:49,7,0,4
BRDA:49,7,1,1
BRDA:55,8,0,2
BRDA:55,8,1,0
BRDA:55,9,0,2
BRDA:55,9,1,0
BRDA:55,10,0,2
BRDA:55,10,1,2
BRDA:57,11,0,2
BRDA:57,11,1,1
BRF:23
BRH:20
end_of_record
TN:
SF:src\repositories\userRepository.js
FN:6,(anonymous_0)
FN:7,(anonymous_1)
FN:8,(anonymous_2)
FN:9,(anonymous_3)
FN:10,(anonymous_4)
FNF:5
FNH:5
FNDA:3,(anonymous_0)
FNDA:9,(anonymous_1)
FNDA:7,(anonymous_2)
FNDA:11,(anonymous_3)
FNDA:2,(anonymous_4)
DA:6,3
DA:7,9
DA:8,7
DA:9,11
DA:10,2
LF:5
LH:5
BRF:0
BRH:0
end_of_record
TN:
SF:src\routes\authRoutes.js
FNF:0
FNH:0
DA:7,2
DA:11,2
DA:20,2
DA:21,2
DA:22,2
DA:23,2
DA:24,2
DA:27,2
DA:28,2
LF:9
LH:9
BRF:0
BRH:0
end_of_record
