TN:
SF:app.js
FN:16,(anonymous_0)
FN:41,(anonymous_1)
FN:52,(anonymous_2)
FN:70,forwardJsonBody
FN:79,(anonymous_4)
FN:89,(anonymous_5)
FN:118,(anonymous_6)
FN:131,(anonymous_7)
FN:149,(anonymous_8)
FN:156,(anonymous_9)
FN:174,(anonymous_10)
FN:181,(anonymous_11)
FN:199,(anonymous_12)
FN:206,(anonymous_13)
FN:224,(anonymous_14)
FN:231,(anonymous_15)
FN:248,(anonymous_16)
FN:267,(anonymous_17)
FN:274,(anonymous_18)
FN:292,(anonymous_19)
FN:299,(anonymous_20)
FN:317,(anonymous_21)
FN:324,(anonymous_22)
FN:332,(anonymous_23)
FN:356,(anonymous_24)
FN:367,(anonymous_25)
FNF:26
FNH:24
FNDA:22,(anonymous_0)
FNDA:22,(anonymous_1)
FNDA:16,(anonymous_2)
FNDA:12,forwardJsonBody
FNDA:3,(anonymous_4)
FNDA:2,(anonymous_5)
FNDA:3,(anonymous_6)
FNDA:1,(anonymous_7)
FNDA:1,(anonymous_8)
FNDA:1,(anonymous_9)
FNDA:3,(anonymous_10)
FNDA:1,(anonymous_11)
FNDA:1,(anonymous_12)
FNDA:1,(anonymous_13)
FNDA:1,(anonymous_14)
FNDA:1,(anonymous_15)
FNDA:1,(anonymous_16)
FNDA:1,(anonymous_17)
FNDA:1,(anonymous_18)
FNDA:1,(anonymous_19)
FNDA:1,(anonymous_20)
FNDA:1,(anonymous_21)
FNDA:1,(anonymous_22)
FNDA:2,(anonymous_23)
FNDA:0,(anonymous_24)
FNDA:0,(anonymous_25)
DA:7,2
DA:9,2
DA:10,2
DA:13,2
DA:16,2
DA:17,22
DA:18,22
DA:19,22
DA:23,22
DA:27,2
DA:28,2
DA:29,2
DA:30,2
DA:31,2
DA:32,2
DA:35,2
DA:36,2
DA:37,2
DA:38,2
DA:41,2
DA:43,22
DA:44,22
DA:45,5
DA:47,22
DA:52,2
DA:53,16
DA:54,16
DA:68,2
DA:71,12
DA:72,6
DA:73,6
DA:74,6
DA:75,6
DA:79,2
DA:80,3
DA:89,2
DA:90,2
DA:107,2
DA:119,3
DA:120,3
DA:121,3
DA:126,3
DA:132,1
DA:133,1
DA:139,2
DA:150,1
DA:151,1
DA:152,1
DA:153,1
DA:157,1
DA:158,1
DA:164,2
DA:175,3
DA:176,3
DA:177,3
DA:178,3
DA:182,1
DA:183,1
DA:189,2
DA:200,1
DA:201,1
DA:202,1
DA:203,1
DA:207,1
DA:208,1
DA:214,2
DA:225,1
DA:226,1
DA:227,1
DA:228,1
DA:232,1
DA:233,1
DA:240,2
DA:249,1
DA:250,1
DA:256,2
DA:268,1
DA:269,1
DA:270,1
DA:271,1
DA:275,1
DA:276,1
DA:282,2
DA:293,1
DA:294,1
DA:295,1
DA:296,1
DA:300,1
DA:301,1
DA:307,2
DA:318,1
DA:319,1
DA:320,1
DA:321,1
DA:325,1
DA:326,1
DA:332,2
DA:333,2
DA:356,2
DA:357,0
DA:358,0
DA:366,2
DA:367,0
DA:368,0
DA:369,0
DA:370,0
DA:371,0
DA:372,0
DA:373,0
DA:374,0
DA:375,0
LF:111
LH:100
BRDA:10,0,0,2
BRDA:10,0,1,2
BRDA:27,1,0,2
BRDA:27,1,1,0
BRDA:28,2,0,2
BRDA:28,2,1,0
BRDA:29,3,0,2
BRDA:29,3,1,0
BRDA:30,4,0,2
BRDA:30,4,1,1
BRDA:31,5,0,2
BRDA:31,5,1,1
BRDA:32,6,0,2
BRDA:32,6,1,1
BRDA:44,7,0,5
BRDA:44,7,1,17
BRDA:71,8,0,6
BRDA:71,8,1,6
BRDA:72,9,0,6
BRDA:72,9,1,0
BRDA:360,10,0,0
BRDA:360,10,1,0
BRDA:366,11,0,0
BRDA:366,11,1,2
BRF:24
BRH:17
end_of_record
