TN:
SF:src\components\ConfirmModal.jsx
FN:15,ConfirmModal
FN:31,(anonymous_1)
FN:32,(anonymous_2)
FN:33,(anonymous_3)
FN:35,(anonymous_4)
FN:42,(anonymous_5)
FN:59,(anonymous_6)
FN:79,(anonymous_7)
FN:129,(anonymous_8)
FN:132,(anonymous_9)
FN:133,(anonymous_10)
FN:152,(anonymous_11)
FN:155,(anonymous_12)
FN:156,(anonymous_13)
FN:157,(anonymous_14)
FN:159,(anonymous_15)
FN:159,(anonymous_16)
FN:193,(anonymous_17)
FN:194,(anonymous_18)
FNF:19
FNH:11
FNDA:21,ConfirmModal
FNDA:13,(anonymous_1)
FNDA:13,(anonymous_2)
FNDA:1,(anonymous_3)
FNDA:13,(anonymous_4)
FNDA:2,(anonymous_5)
FNDA:14,(anonymous_6)
FNDA:4,(anonymous_7)
FNDA:3,(anonymous_8)
FNDA:0,(anonymous_9)
FNDA:0,(anonymous_10)
FNDA:0,(anonymous_11)
FNDA:0,(anonymous_12)
FNDA:0,(anonymous_13)
FNDA:0,(anonymous_14)
FNDA:1,(anonymous_15)
FNDA:1,(anonymous_16)
FNDA:0,(anonymous_17)
FNDA:0,(anonymous_18)
DA:24,21
DA:25,21
DA:26,21
DA:27,21
DA:28,21
DA:29,21
DA:31,21
DA:32,13
DA:33,13
DA:34,13
DA:35,13
DA:38,21
DA:39,21
DA:40,21
DA:42,21
DA:43,2
DA:44,0
DA:45,0
DA:46,0
DA:48,2
DA:49,2
DA:50,2
DA:51,2
DA:53,1
DA:55,2
DA:59,21
DA:68,21
DA:79,4
DA:129,3
DA:132,0
DA:133,0
DA:152,0
DA:155,0
DA:156,0
DA:157,0
DA:159,1
DA:193,0
DA:194,0
LF:38
LH:27
BRDA:16,0,0,21
BRDA:18,1,0,21
BRDA:19,2,0,21
BRDA:20,3,0,21
BRDA:33,4,0,1
BRDA:33,4,1,0
BRDA:38,5,0,21
BRDA:38,5,1,11
BRDA:39,6,0,21
BRDA:39,6,1,3
BRDA:40,7,0,21
BRDA:40,7,1,17
BRDA:40,7,2,14
BRDA:43,8,0,0
BRDA:43,8,1,2
BRDA:44,9,0,0
BRDA:44,9,1,0
BRDA:45,10,0,0
BRDA:45,10,1,0
BRDA:53,11,0,1
BRDA:53,11,1,0
BRDA:62,12,0,0
BRDA:62,12,1,14
BRDA:105,13,0,21
BRDA:105,13,1,1
BRDA:113,14,0,21
BRDA:113,14,1,11
BRDA:131,15,0,11
BRDA:131,15,1,1
BRDA:139,16,0,21
BRDA:139,16,1,3
BRDA:149,17,0,0
BRDA:149,17,1,3
BRDA:150,18,0,1
BRDA:150,18,1,2
BRDA:154,19,0,3
BRDA:154,19,1,0
BRDA:155,20,0,0
BRDA:155,20,1,0
BRDA:164,21,0,1
BRDA:164,21,1,2
BRDA:171,22,0,21
BRDA:171,22,1,1
BRDA:202,23,0,12
BRDA:202,23,1,9
BRDA:203,24,0,12
BRDA:203,24,1,9
BRDA:204,25,0,12
BRDA:204,25,1,9
BRDA:205,26,0,12
BRDA:205,26,1,9
BRDA:209,27,0,12
BRDA:209,27,1,9
BRDA:212,28,0,2
BRDA:212,28,1,19
BRF:55
BRH:43
end_of_record
TN:
SF:src\components\ErrorBoundary.jsx
FN:5,constructor
FN:10,getDerivedStateFromError
FN:14,componentDidCatch
FN:19,render
FNF:4
FNH:4
FNDA:8,constructor
FNDA:1,getDerivedStateFromError
FNDA:3,componentDidCatch
FNDA:16,render
DA:6,8
DA:7,8
DA:11,6
DA:15,3
DA:16,3
DA:20,16
DA:21,9
DA:38,7
LF:8
LH:8
BRDA:20,0,0,9
BRDA:20,0,1,7
BRDA:32,1,0,9
BRDA:32,1,1,9
BRF:4
BRH:4
end_of_record
TN:
SF:src\components\Footer.jsx
FN:4,Footer
FN:8,(anonymous_1)
FN:35,(anonymous_2)
FN:37,(anonymous_3)
FN:38,(anonymous_4)
FN:43,(anonymous_5)
FN:45,(anonymous_6)
FN:46,(anonymous_7)
FN:56,(anonymous_8)
FNF:9
FNH:8
FNDA:10,Footer
FNDA:2,(anonymous_1)
FNDA:1,(anonymous_2)
FNDA:1,(anonymous_3)
FNDA:1,(anonymous_4)
FNDA:1,(anonymous_5)
FNDA:1,(anonymous_6)
FNDA:1,(anonymous_7)
FNDA:0,(anonymous_8)
DA:5,10
DA:6,10
DA:8,10
DA:10,10
DA:35,1
DA:37,1
DA:38,1
DA:43,1
DA:45,1
DA:46,1
DA:56,0
LF:11
LH:10
BRF:0
BRH:0
end_of_record
TN:
SF:src\components\PokemonSprite.jsx
FN:9,fetchSprite
FN:16,(anonymous_1)
FN:25,(anonymous_2)
FN:35,PokemonSprite
FN:36,(anonymous_4)
FN:41,(anonymous_5)
FN:44,(anonymous_6)
FN:45,(anonymous_7)
FN:70,(anonymous_8)
FNF:9
FNH:8
FNDA:6,fetchSprite
FNDA:5,(anonymous_1)
FNDA:0,(anonymous_2)
FNDA:13,PokemonSprite
FNDA:7,(anonymous_4)
FNDA:7,(anonymous_5)
FNDA:5,(anonymous_6)
FNDA:6,(anonymous_7)
FNDA:1,(anonymous_8)
DA:6,1
DA:7,1
DA:10,6
DA:11,6
DA:12,6
DA:13,6
DA:15,6
DA:18,5
DA:21,5
DA:22,5
DA:23,5
DA:26,0
DA:27,0
DA:28,0
DA:31,6
DA:32,6
DA:36,13
DA:37,7
DA:38,7
DA:41,13
DA:42,7
DA:43,6
DA:44,6
DA:45,6
DA:48,13
DA:50,7
DA:55,6
DA:56,2
DA:63,4
DA:70,1
LF:30
LH:27
BRDA:10,0,0,0
BRDA:10,0,1,6
BRDA:12,1,0,0
BRDA:12,1,1,6
BRDA:13,2,0,0
BRDA:13,2,1,6
BRDA:18,3,0,5
BRDA:18,3,1,2
BRDA:18,3,2,1
BRDA:35,4,0,13
BRDA:35,5,0,13
BRDA:38,6,0,0
BRDA:38,6,1,7
BRDA:38,7,0,7
BRDA:38,7,1,6
BRDA:42,8,0,1
BRDA:42,8,1,6
BRDA:44,9,0,5
BRDA:44,9,1,0
BRDA:48,10,0,7
BRDA:48,10,1,6
BRDA:55,11,0,2
BRDA:55,11,1,4
BRDA:66,12,0,4
BRDA:66,12,1,4
BRF:25
BRH:20
end_of_record
TN:
SF:src\components\TypeBadge.jsx
FN:4,TypeBadge
FNF:1
FNH:1
FNDA:10,TypeBadge
DA:5,10
DA:7,9
DA:8,9
DA:9,2
DA:10,1
DA:11,0
DA:12,9
DA:14,9
DA:15,9
DA:17,9
DA:24,9
DA:26,10
LF:12
LH:11
BRDA:4,0,0,10
BRDA:5,1,0,1
BRDA:5,1,1,9
BRDA:8,2,0,7
BRDA:8,2,1,2
BRDA:9,3,0,1
BRDA:9,3,1,1
BRDA:10,4,0,1
BRDA:10,4,1,0
BRDA:11,5,0,0
BRDA:11,5,1,0
BRDA:12,6,0,0
BRDA:12,6,1,9
BRDA:24,7,0,9
BRDA:24,7,1,0
BRF:15
BRH:10
end_of_record
TN:
SF:src\components\TypeCoverageChart.jsx
FN:12,PokemonStatsRadar
FN:20,(anonymous_1)
FN:29,(anonymous_2)
FN:32,(anonymous_3)
FN:36,(anonymous_4)
FN:63,(anonymous_5)
FN:73,TeamWeaknessChart
FN:94,(anonymous_7)
FN:98,(anonymous_8)
FN:100,(anonymous_9)
FN:118,(anonymous_10)
FN:121,(anonymous_11)
FN:125,(anonymous_12)
FN:157,(anonymous_13)
FN:164,(anonymous_14)
FN:176,TypeCoverageGrid
FN:185,(anonymous_16)
FN:187,(anonymous_17)
FN:188,(anonymous_18)
FNF:19
FNH:15
FNDA:2,PokemonStatsRadar
FNDA:6,(anonymous_1)
FNDA:1,(anonymous_2)
FNDA:1,(anonymous_3)
FNDA:1,(anonymous_4)
FNDA:0,(anonymous_5)
FNDA:3,TeamWeaknessChart
FNDA:18,(anonymous_7)
FNDA:54,(anonymous_8)
FNDA:0,(anonymous_9)
FNDA:1,(anonymous_10)
FNDA:1,(anonymous_11)
FNDA:1,(anonymous_12)
FNDA:0,(anonymous_13)
FNDA:0,(anonymous_14)
FNDA:3,TypeCoverageGrid
FNDA:54,(anonymous_16)
FNDA:18,(anonymous_17)
FNDA:18,(anonymous_18)
DA:13,2
DA:15,1
DA:20,6
DA:26,1
DA:27,1
DA:29,1
DA:30,1
DA:31,1
DA:32,1
DA:33,1
DA:34,1
DA:35,1
DA:36,1
DA:39,1
DA:63,0
DA:74,3
DA:75,3
DA:92,1
DA:94,18
DA:98,54
DA:100,1
DA:101,0
DA:102,0
DA:103,0
DA:104,0
DA:105,0
DA:115,1
DA:116,1
DA:118,1
DA:119,1
DA:120,1
DA:121,1
DA:122,1
DA:123,1
DA:124,1
DA:125,1
DA:128,1
DA:158,0
DA:159,0
DA:165,0
DA:177,3
DA:179,3
DA:187,54
DA:188,18
DA:190,54
DA:192,54
LF:46
LH:37
BRDA:13,0,0,1
BRDA:13,0,1,1
BRDA:21,1,0,6
BRDA:21,1,1,0
BRDA:31,2,0,0
BRDA:31,2,1,1
BRDA:32,3,0,1
BRDA:32,3,1,0
BRDA:41,4,0,1
BRDA:41,4,1,0
BRDA:75,5,0,2
BRDA:75,5,1,1
BRDA:97,6,0,18
BRDA:97,6,1,10
BRDA:104,7,0,0
BRDA:104,7,1,0
BRDA:120,8,0,0
BRDA:120,8,1,1
BRDA:121,9,0,1
BRDA:121,9,1,0
BRDA:130,10,0,1
BRDA:130,10,1,0
BRDA:158,11,0,0
BRDA:158,11,1,0
BRDA:158,12,0,0
BRDA:158,12,1,0
BRDA:198,13,0,1
BRDA:198,13,1,53
BRDA:199,14,0,1
BRDA:199,14,1,53
BRDA:200,15,0,1
BRDA:200,15,1,53
BRF:32
BRH:19
end_of_record
TN:
SF:src\utils\regions.js
FNF:0
FNH:0
DA:3,1
DA:12,1
DA:103,1
LF:3
LH:3
BRF:0
BRH:0
end_of_record
TN:
SF:src\utils\showdownExport.js
FN:18,(anonymous_0)
FN:53,(anonymous_1)
FN:66,(anonymous_2)
FN:89,(anonymous_3)
FN:123,(anonymous_4)
FN:136,(anonymous_5)
FN:150,(anonymous_6)
FN:160,(anonymous_7)
FNF:8
FNH:8
FNDA:26,(anonymous_0)
FNDA:24,(anonymous_1)
FNDA:26,(anonymous_2)
FNDA:3,(anonymous_3)
FNDA:104,(anonymous_4)
FNDA:27,(anonymous_5)
FNDA:26,(anonymous_6)
FNDA:2,(anonymous_7)
DA:18,1
DA:19,26
DA:49,26
DA:51,24
DA:53,24
DA:66,1
DA:67,26
DA:68,26
DA:69,26
DA:70,26
DA:72,26
DA:74,26
DA:75,26
DA:76,25
DA:77,1
DA:78,1
DA:79,1
DA:80,1
DA:81,1
DA:82,1
DA:83,1
DA:84,1
DA:85,1
DA:87,26
DA:89,26
DA:90,26
DA:91,26
DA:92,26
DA:93,26
DA:95,26
DA:98,26
DA:99,26
DA:100,26
DA:101,26
DA:104,26
DA:107,26
DA:110,26
DA:113,26
DA:116,26
DA:119,26
DA:122,26
DA:123,26
DA:124,104
DA:127,26
DA:136,1
DA:137,27
DA:138,27
DA:140,25
DA:150,27
DA:152,27
DA:160,1
DA:161,2
DA:162,2
DA:163,2
DA:164,2
DA:165,2
DA:166,2
DA:167,2
DA:168,2
DA:169,2
LF:60
LH:60
BRDA:49,0,0,2
BRDA:49,0,1,24
BRDA:67,1,0,26
BRDA:67,1,1,2
BRDA:67,1,2,1
BRDA:67,1,3,1
BRDA:68,2,0,26
BRDA:68,2,1,25
BRDA:68,2,2,24
BRDA:69,3,0,26
BRDA:69,3,1,25
BRDA:69,3,2,25
BRDA:70,4,0,26
BRDA:70,4,1,24
BRDA:72,5,0,26
BRDA:72,5,1,26
BRDA:72,5,2,26
BRDA:72,5,3,1
BRDA:72,5,4,25
BRDA:75,6,0,1
BRDA:75,6,1,25
BRDA:76,7,0,1
BRDA:76,7,1,24
BRDA:79,8,0,1
BRDA:79,8,1,0
BRDA:80,9,0,1
BRDA:80,9,1,0
BRDA:81,10,0,0
BRDA:81,10,1,1
BRDA:82,11,0,0
BRDA:82,11,1,1
BRDA:83,12,0,0
BRDA:83,12,1,1
BRDA:84,13,0,1
BRDA:84,13,1,0
BRDA:87,14,0,26
BRDA:87,14,1,25
BRDA:89,15,0,2
BRDA:89,15,1,24
BRDA:89,16,0,2
BRDA:89,16,1,1
BRDA:89,17,0,1
BRDA:89,17,1,0
BRDA:89,17,2,0
BRDA:90,18,0,2
BRDA:90,18,1,24
BRDA:92,19,0,26
BRDA:92,19,1,25
BRDA:93,20,0,26
BRDA:93,20,1,25
BRDA:93,20,2,25
BRDA:98,21,0,1
BRDA:98,21,1,25
BRDA:99,22,0,1
BRDA:99,22,1,25
BRDA:100,23,0,2
BRDA:100,23,1,24
BRDA:104,24,0,1
BRDA:104,24,1,25
BRDA:107,25,0,1
BRDA:107,25,1,25
BRDA:110,26,0,1
BRDA:110,26,1,25
BRDA:113,27,0,2
BRDA:113,27,1,24
BRDA:116,28,0,1
BRDA:116,28,1,25
BRDA:124,29,0,104
BRDA:124,29,1,101
BRDA:136,30,0,27
BRDA:138,31,0,2
BRDA:138,31,1,25
BRDA:141,32,0,25
BRDA:141,32,1,24
BRDA:142,33,0,1
BRDA:142,33,1,24
BRDA:160,34,0,2
BRF:77
BRH:69
end_of_record
TN:
SF:src\utils\typeColors.js
FN:24,(anonymous_0)
FN:56,(anonymous_1)
FN:58,(anonymous_2)
FN:60,(anonymous_3)
FN:63,(anonymous_4)
FN:65,(anonymous_5)
FN:67,(anonymous_6)
FN:85,(anonymous_7)
FN:87,(anonymous_8)
FN:89,(anonymous_9)
FN:92,(anonymous_10)
FN:93,(anonymous_11)
FN:94,(anonymous_12)
FNF:13
FNH:13
FNDA:72,(anonymous_0)
FNDA:7,(anonymous_1)
FNDA:126,(anonymous_2)
FNDA:8,(anonymous_3)
FNDA:6,(anonymous_4)
FNDA:108,(anonymous_5)
FNDA:108,(anonymous_6)
FNDA:3,(anonymous_7)
FNDA:54,(anonymous_8)
FNDA:2,(anonymous_9)
FNDA:1,(anonymous_10)
FNDA:1,(anonymous_11)
FNDA:18,(anonymous_12)
DA:3,2
DA:24,2
DA:25,72
DA:29,2
DA:50,2
DA:56,2
DA:57,7
DA:58,126
DA:60,7
DA:61,8
DA:62,6
DA:63,8
DA:65,8
DA:66,108
DA:67,108
DA:68,108
DA:69,108
DA:70,108
DA:72,108
DA:73,91
DA:74,89
DA:78,7
DA:85,2
DA:86,3
DA:87,54
DA:89,3
DA:90,2
DA:91,1
DA:92,2
DA:93,2
DA:94,1
DA:95,18
DA:96,18
DA:101,3
DA:104,2
DA:113,2
LF:36
LH:36
BRDA:25,0,0,72
BRDA:25,0,1,4
BRDA:61,1,0,2
BRDA:61,1,1,6
BRDA:62,2,0,6
BRDA:62,2,1,0
BRDA:63,3,0,6
BRDA:63,3,1,0
BRDA:63,3,2,0
BRDA:68,4,0,108
BRDA:68,4,1,0
BRDA:70,5,0,46
BRDA:70,5,1,62
BRDA:72,6,0,17
BRDA:72,6,1,91
BRDA:73,7,0,2
BRDA:73,7,1,89
BRDA:74,8,0,27
BRDA:74,8,1,62
BRDA:90,9,0,1
BRDA:90,9,1,1
BRDA:91,10,0,1
BRDA:91,10,1,0
BRDA:92,11,0,1
BRDA:92,11,1,0
BRDA:92,11,2,0
BRDA:95,12,0,18
BRDA:95,12,1,0
BRDA:96,13,0,4
BRDA:96,13,1,14
BRDA:96,14,0,18
BRDA:96,14,1,10
BRF:32
BRH:24
end_of_record
TN:
SF:src\utils\validators.js
FN:4,(anonymous_0)
FN:10,(anonymous_1)
FN:18,(anonymous_2)
FN:28,(anonymous_3)
FN:34,(anonymous_4)
FN:39,(anonymous_5)
FN:44,(anonymous_6)
FN:66,(anonymous_7)
FNF:8
FNH:8
FNDA:7,(anonymous_0)
FNDA:8,(anonymous_1)
FNDA:8,(anonymous_2)
FNDA:4,(anonymous_3)
FNDA:5,(anonymous_4)
FNDA:3,(anonymous_5)
FNDA:7,(anonymous_6)
FNDA:6,(anonymous_7)
DA:3,1
DA:5,7
DA:6,3
DA:7,2
DA:11,8
DA:13,5
DA:14,5
DA:15,2
DA:19,8
DA:20,6
DA:21,5
DA:22,4
DA:23,3
DA:24,3
DA:25,2
DA:29,4
DA:30,2
DA:31,1
DA:35,5
DA:36,2
DA:40,3
DA:41,1
DA:45,7
DA:46,4
DA:47,4
DA:48,4
DA:49,4
DA:50,4
DA:54,1
DA:55,3
DA:56,3
DA:59,7
DA:60,2
DA:61,1
DA:66,1
DA:67,6
DA:68,4
DA:69,4
DA:70,4
DA:71,4
DA:72,4
DA:73,4
DA:80,4
LF:43
LH:43
BRDA:5,0,0,4
BRDA:5,0,1,3
BRDA:5,1,0,7
BRDA:5,1,1,4
BRDA:6,2,0,1
BRDA:6,2,1,2
BRDA:11,3,0,3
BRDA:11,3,1,5
BRDA:11,4,0,8
BRDA:11,4,1,6
BRDA:14,5,0,3
BRDA:14,5,1,2
BRDA:19,6,0,2
BRDA:19,6,1,6
BRDA:20,7,0,1
BRDA:20,7,1,5
BRDA:21,8,0,1
BRDA:21,8,1,4
BRDA:22,9,0,1
BRDA:22,9,1,3
BRDA:23,10,0,1
BRDA:23,10,1,2
BRDA:29,11,0,2
BRDA:29,11,1,2
BRDA:30,12,0,1
BRDA:30,12,1,1
BRDA:35,13,0,3
BRDA:35,13,1,2
BRDA:40,14,0,2
BRDA:40,14,1,1
BRDA:45,15,0,3
BRDA:45,15,1,4
BRDA:45,16,0,7
BRDA:45,16,1,6
BRDA:45,16,2,5
BRDA:50,17,0,1
BRDA:50,17,1,3
BRDA:51,18,0,4
BRDA:51,18,1,4
BRDA:51,18,2,3
BRDA:57,19,0,0
BRDA:57,19,1,3
BRDA:57,20,0,3
BRDA:57,20,1,3
BRDA:57,20,2,0
BRDA:59,21,0,1
BRDA:59,21,1,6
BRDA:60,22,0,1
BRDA:60,22,1,1
BRDA:67,23,0,2
BRDA:67,23,1,4
BRDA:69,24,0,4
BRDA:69,24,1,0
BRDA:70,25,0,3
BRDA:70,25,1,1
BRDA:71,26,0,2
BRDA:71,26,1,2
BRDA:72,27,0,1
BRDA:72,27,1,3
BRF:59
BRH:56
end_of_record
