TN:
SF:src\controllers\pokemonController.js
FN:3,(anonymous_0)
FN:16,(anonymous_1)
FN:28,(anonymous_2)
FN:33,(anonymous_3)
FN:38,(anonymous_4)
FNF:5
FNH:5
FNDA:5,(anonymous_0)
FNDA:5,(anonymous_1)
FNDA:2,(anonymous_2)
FNDA:1,(anonymous_3)
FNDA:1,(anonymous_4)
DA:3,2
DA:4,5
DA:5,5
DA:6,5
DA:7,5
DA:8,5
DA:9,4
DA:11,1
DA:12,1
DA:16,2
DA:17,5
DA:18,5
DA:19,5
DA:20,5
DA:21,5
DA:22,4
DA:23,3
DA:26,3
DA:27,3
DA:28,2
DA:31,2
DA:32,2
DA:33,2
DA:36,2
DA:37,2
DA:38,2
DA:41,2
DA:50,2
DA:65,2
DA:67,2
DA:68,2
LF:31
LH:31
BRDA:4,0,0,5
BRDA:4,0,1,3
BRDA:5,1,0,5
BRDA:5,1,1,3
BRDA:18,2,0,0
BRDA:18,2,1,5
BRDA:22,3,0,1
BRDA:22,3,1,3
BRDA:42,4,0,2
BRDA:42,4,1,1
BRDA:43,5,0,2
BRDA:43,5,1,1
BRDA:44,6,0,2
BRDA:44,6,1,1
BRDA:45,7,0,2
BRDA:45,7,1,1
BRDA:46,8,0,2
BRDA:46,8,1,1
BRDA:47,9,0,2
BRDA:47,9,1,1
BRF:20
BRH:19
end_of_record
