TN:
SF:src\controllers\adminController.js
FN:4,(anonymous_0)
FN:80,(anonymous_1)
FN:119,(anonymous_2)
FN:147,(anonymous_3)
FN:189,(anonymous_4)
FN:206,(anonymous_5)
FN:223,(anonymous_6)
FN:241,(anonymous_7)
FN:269,(anonymous_8)
FN:310,(anonymous_9)
FN:338,(anonymous_10)
FN:386,(anonymous_11)
FN:424,(anonymous_12)
FN:459,(anonymous_13)
FN:510,(anonymous_14)
FN:553,(anonymous_15)
FN:609,(anonymous_16)
FN:644,(anonymous_17)
FN:680,(anonymous_18)
FNF:19
FNH:19
FNDA:5,(anonymous_0)
FNDA:6,(anonymous_1)
FNDA:4,(anonymous_2)
FNDA:2,(anonymous_3)
FNDA:3,(anonymous_4)
FNDA:2,(anonymous_5)
FNDA:2,(anonymous_6)
FNDA:2,(anonymous_7)
FNDA:3,(anonymous_8)
FNDA:3,(anonymous_9)
FNDA:3,(anonymous_10)
FNDA:2,(anonymous_11)
FNDA:2,(anonymous_12)
FNDA:2,(anonymous_13)
FNDA:2,(anonymous_14)
FNDA:2,(anonymous_15)
FNDA:2,(anonymous_16)
FNDA:2,(anonymous_17)
FNDA:4,(anonymous_18)
DA:4,2
DA:5,5
DA:6,5
DA:7,5
DA:9,4
DA:10,4
DA:12,2
DA:71,2
DA:72,1
DA:74,1
DA:75,1
DA:80,2
DA:81,6
DA:82,6
DA:83,6
DA:84,6
DA:85,6
DA:88,5
DA:89,5
DA:91,4
DA:92,2
DA:108,2
DA:109,2
DA:111,2
DA:113,1
DA:114,1
DA:119,2
DA:120,4
DA:121,4
DA:122,4
DA:123,4
DA:124,4
DA:126,4
DA:127,4
DA:129,2
DA:138,2
DA:139,1
DA:141,1
DA:142,1
DA:147,2
DA:148,2
DA:149,2
DA:150,2
DA:151,2
DA:152,2
DA:154,2
DA:180,2
DA:181,1
DA:183,1
DA:184,1
DA:189,2
DA:190,3
DA:191,3
DA:192,3
DA:193,3
DA:194,3
DA:196,3
DA:197,3
DA:198,2
DA:200,1
DA:201,1
DA:206,2
DA:207,2
DA:208,2
DA:209,2
DA:210,2
DA:211,2
DA:213,2
DA:214,2
DA:215,1
DA:217,1
DA:218,1
DA:223,2
DA:224,2
DA:225,2
DA:226,2
DA:227,2
DA:228,2
DA:231,2
DA:232,2
DA:233,1
DA:235,1
DA:236,1
DA:241,2
DA:242,2
DA:243,2
DA:244,2
DA:245,2
DA:246,2
DA:248,2
DA:260,2
DA:261,1
DA:263,1
DA:264,1
DA:269,2
DA:270,3
DA:271,3
DA:272,3
DA:273,3
DA:274,3
DA:276,3
DA:301,3
DA:302,2
DA:304,1
DA:305,1
DA:310,2
DA:311,3
DA:312,3
DA:313,3
DA:314,3
DA:315,3
DA:317,3
DA:318,3
DA:320,2
DA:321,1
DA:327,1
DA:328,1
DA:330,1
DA:332,1
DA:333,1
DA:338,2
DA:339,3
DA:340,3
DA:341,3
DA:342,3
DA:343,3
DA:345,3
DA:346,3
DA:347,3
DA:349,3
DA:377,3
DA:378,2
DA:380,1
DA:381,1
DA:386,2
DA:387,2
DA:388,2
DA:389,2
DA:390,2
DA:391,2
DA:392,2
DA:393,2
DA:394,2
DA:415,2
DA:416,1
DA:418,1
DA:419,1
DA:424,2
DA:425,2
DA:426,2
DA:427,2
DA:428,2
DA:429,2
DA:430,2
DA:431,2
DA:432,2
DA:450,2
DA:451,1
DA:453,1
DA:454,1
DA:459,2
DA:460,2
DA:461,2
DA:462,2
DA:463,2
DA:464,2
DA:465,2
DA:466,2
DA:467,2
DA:501,2
DA:502,1
DA:504,1
DA:505,1
DA:510,2
DA:511,2
DA:512,2
DA:513,2
DA:514,2
DA:515,2
DA:516,2
DA:517,2
DA:518,2
DA:544,2
DA:545,1
DA:547,1
DA:548,1
DA:553,2
DA:554,2
DA:555,2
DA:556,2
DA:557,2
DA:558,2
DA:559,2
DA:560,2
DA:561,2
DA:600,2
DA:601,1
DA:603,1
DA:604,1
DA:609,2
DA:610,2
DA:611,2
DA:612,2
DA:613,2
DA:614,2
DA:615,2
DA:616,2
DA:617,2
DA:635,2
DA:636,1
DA:638,1
DA:639,1
DA:644,2
DA:645,2
DA:646,2
DA:647,2
DA:648,2
DA:649,2
DA:651,2
DA:672,1
DA:674,1
DA:675,1
DA:680,2
DA:681,4
DA:682,4
DA:683,4
DA:684,4
DA:685,4
DA:687,4
DA:688,4
DA:690,3
DA:691,2
DA:692,1
DA:694,1
DA:708,1
DA:709,1
DA:711,1
DA:712,1
LF:238
LH:238
BRDA:7,0,0,1
BRDA:7,0,1,4
BRDA:10,1,0,2
BRDA:10,1,1,2
BRDA:10,2,0,4
BRDA:10,2,1,3
BRDA:74,3,0,1
BRDA:74,3,1,0
BRDA:83,4,0,0
BRDA:83,4,1,6
BRDA:85,5,0,1
BRDA:85,5,1,5
BRDA:85,6,0,6
BRDA:85,6,1,6
BRDA:91,7,0,2
BRDA:91,7,1,2
BRDA:113,8,0,1
BRDA:113,8,1,0
BRDA:122,9,0,0
BRDA:122,9,1,4
BRDA:124,10,0,0
BRDA:124,10,1,4
BRDA:124,11,0,4
BRDA:124,11,1,4
BRDA:127,12,0,2
BRDA:127,12,1,2
BRDA:127,13,0,4
BRDA:127,13,1,3
BRDA:127,13,2,3
BRDA:127,13,3,3
BRDA:141,14,0,1
BRDA:141,14,1,0
BRDA:150,15,0,0
BRDA:150,15,1,2
BRDA:152,16,0,0
BRDA:152,16,1,2
BRDA:152,17,0,2
BRDA:152,17,1,2
BRDA:183,18,0,1
BRDA:183,18,1,0
BRDA:192,19,0,0
BRDA:192,19,1,3
BRDA:194,20,0,0
BRDA:194,20,1,3
BRDA:194,21,0,3
BRDA:194,21,1,3
BRDA:198,22,0,2
BRDA:198,22,1,1
BRDA:200,23,0,1
BRDA:200,23,1,0
BRDA:209,24,0,0
BRDA:209,24,1,2
BRDA:211,25,0,0
BRDA:211,25,1,2
BRDA:211,26,0,2
BRDA:211,26,1,2
BRDA:217,27,0,1
BRDA:217,27,1,0
BRDA:226,28,0,0
BRDA:226,28,1,2
BRDA:228,29,0,0
BRDA:228,29,1,2
BRDA:228,30,0,2
BRDA:228,30,1,2
BRDA:235,31,0,1
BRDA:235,31,1,0
BRDA:244,32,0,0
BRDA:244,32,1,2
BRDA:246,33,0,0
BRDA:246,33,1,2
BRDA:246,34,0,2
BRDA:246,34,1,2
BRDA:263,35,0,1
BRDA:263,35,1,0
BRDA:272,36,0,0
BRDA:272,36,1,3
BRDA:274,37,0,0
BRDA:274,37,1,3
BRDA:274,38,0,3
BRDA:274,38,1,3
BRDA:302,39,0,2
BRDA:302,39,1,1
BRDA:304,40,0,1
BRDA:304,40,1,0
BRDA:313,41,0,0
BRDA:313,41,1,3
BRDA:315,42,0,0
BRDA:315,42,1,3
BRDA:315,43,0,3
BRDA:315,43,1,3
BRDA:320,44,0,1
BRDA:320,44,1,1
BRDA:332,45,0,1
BRDA:332,45,1,0
BRDA:341,46,0,0
BRDA:341,46,1,3
BRDA:343,47,0,0
BRDA:343,47,1,3
BRDA:343,48,0,3
BRDA:343,48,1,3
BRDA:345,49,0,3
BRDA:345,49,1,2
BRDA:346,50,0,3
BRDA:346,50,1,2
BRDA:347,51,0,3
BRDA:347,51,1,2
BRDA:377,52,0,1
BRDA:377,52,1,2
BRDA:377,53,0,1
BRDA:377,53,1,2
BRDA:380,54,0,1
BRDA:380,54,1,0
BRDA:389,55,0,0
BRDA:389,55,1,2
BRDA:391,56,0,0
BRDA:391,56,1,2
BRDA:391,57,0,2
BRDA:391,57,1,2
BRDA:392,58,0,2
BRDA:392,58,1,1
BRDA:393,59,0,2
BRDA:393,59,1,1
BRDA:415,60,0,1
BRDA:415,60,1,1
BRDA:415,61,0,1
BRDA:415,61,1,1
BRDA:427,62,0,0
BRDA:427,62,1,2
BRDA:429,63,0,0
BRDA:429,63,1,2
BRDA:429,64,0,2
BRDA:429,64,1,2
BRDA:430,65,0,2
BRDA:430,65,1,2
BRDA:431,66,0,2
BRDA:431,66,1,2
BRDA:450,67,0,0
BRDA:450,67,1,2
BRDA:450,68,0,0
BRDA:450,68,1,2
BRDA:462,69,0,0
BRDA:462,69,1,2
BRDA:464,70,0,0
BRDA:464,70,1,2
BRDA:464,71,0,2
BRDA:464,71,1,2
BRDA:465,72,0,2
BRDA:465,72,1,2
BRDA:466,73,0,2
BRDA:466,73,1,2
BRDA:501,74,0,0
BRDA:501,74,1,2
BRDA:501,75,0,0
BRDA:501,75,1,2
BRDA:513,76,0,0
BRDA:513,76,1,2
BRDA:515,77,0,0
BRDA:515,77,1,2
BRDA:515,78,0,2
BRDA:515,78,1,2
BRDA:516,79,0,2
BRDA:516,79,1,2
BRDA:517,80,0,2
BRDA:517,80,1,2
BRDA:544,81,0,0
BRDA:544,81,1,2
BRDA:544,82,0,0
BRDA:544,82,1,2
BRDA:556,83,0,0
BRDA:556,83,1,2
BRDA:558,84,0,0
BRDA:558,84,1,2
BRDA:558,85,0,2
BRDA:558,85,1,2
BRDA:559,86,0,2
BRDA:559,86,1,2
BRDA:560,87,0,2
BRDA:560,87,1,2
BRDA:600,88,0,0
BRDA:600,88,1,2
BRDA:600,89,0,0
BRDA:600,89,1,2
BRDA:612,90,0,0
BRDA:612,90,1,2
BRDA:614,91,0,0
BRDA:614,91,1,2
BRDA:614,92,0,2
BRDA:614,92,1,2
BRDA:615,93,0,2
BRDA:615,93,1,2
BRDA:616,94,0,2
BRDA:616,94,1,2
BRDA:635,95,0,0
BRDA:635,95,1,2
BRDA:635,96,0,0
BRDA:635,96,1,2
BRDA:647,97,0,0
BRDA:647,97,1,2
BRDA:649,98,0,0
BRDA:649,98,1,2
BRDA:649,99,0,2
BRDA:649,99,1,2
BRDA:683,100,0,0
BRDA:683,100,1,4
BRDA:685,101,0,0
BRDA:685,101,1,4
BRDA:685,102,0,4
BRDA:685,102,1,4
BRDA:688,103,0,1
BRDA:688,103,1,3
BRDA:691,104,0,1
BRDA:691,104,1,1
BRF:212
BRH:156
end_of_record
TN:
SF:src\controllers\dataController.js
FN:3,(anonymous_0)
FN:14,(anonymous_1)
FN:25,(anonymous_2)
FN:36,(anonymous_3)
FN:54,(anonymous_4)
FN:62,(anonymous_5)
FNF:6
FNH:6
FNDA:2,(anonymous_0)
FNDA:2,(anonymous_1)
FNDA:2,(anonymous_2)
FNDA:3,(anonymous_3)
FNDA:5,(anonymous_4)
FNDA:6,(anonymous_5)
DA:3,1
DA:4,2
DA:5,2
DA:6,2
DA:7,1
DA:9,1
DA:10,1
DA:14,1
DA:15,2
DA:16,2
DA:17,2
DA:18,1
DA:20,1
DA:21,1
DA:25,1
DA:26,2
DA:27,2
DA:28,2
DA:29,1
DA:31,1
DA:32,1
DA:36,1
DA:37,3
DA:38,3
DA:39,3
DA:41,1
DA:42,1
DA:43,1
DA:45,2
DA:46,2
DA:47,1
DA:49,1
DA:50,1
DA:54,1
DA:55,5
DA:56,5
DA:57,5
DA:59,3
DA:60,2
DA:62,6
DA:63,2
DA:64,2
DA:65,2
DA:67,2
DA:68,2
DA:70,1
DA:71,1
LF:47
LH:47
BRDA:38,0,0,3
BRDA:38,0,1,2
BRDA:39,1,0,1
BRDA:39,1,1,2
BRDA:57,2,0,2
BRDA:57,2,1,3
BRDA:57,3,0,5
BRDA:57,3,1,4
BRDA:62,4,0,1
BRDA:62,4,1,1
BRDA:62,5,0,6
BRDA:62,5,1,3
BRDA:70,6,0,1
BRDA:70,6,1,0
BRF:14
BRH:13
end_of_record
TN:
SF:src\controllers\teamsController.js
FN:5,(anonymous_0)
FN:24,(anonymous_1)
FN:41,(anonymous_2)
FN:62,(anonymous_3)
FN:76,(anonymous_4)
FN:79,(anonymous_5)
FN:99,(anonymous_6)
FN:123,(anonymous_7)
FN:138,(anonymous_8)
FN:149,(anonymous_9)
FN:152,(anonymous_10)
FN:170,(anonymous_11)
FN:192,(anonymous_12)
FN:206,(anonymous_13)
FN:224,(anonymous_14)
FNF:15
FNH:15
FNDA:5,(anonymous_0)
FNDA:4,(anonymous_1)
FNDA:3,(anonymous_2)
FNDA:7,(anonymous_3)
FNDA:2,(anonymous_4)
FNDA:2,(anonymous_5)
FNDA:1,(anonymous_6)
FNDA:5,(anonymous_7)
FNDA:5,(anonymous_8)
FNDA:2,(anonymous_9)
FNDA:2,(anonymous_10)
FNDA:1,(anonymous_11)
FNDA:4,(anonymous_12)
FNDA:5,(anonymous_13)
FNDA:3,(anonymous_14)
DA:5,2
DA:6,5
DA:7,5
DA:8,5
DA:9,5
DA:10,5
DA:11,5
DA:14,4
DA:15,2
DA:16,1
DA:18,2
DA:19,2
DA:20,1
DA:24,2
DA:25,4
DA:26,4
DA:28,4
DA:29,3
DA:30,3
DA:31,3
DA:32,3
DA:34,3
DA:36,1
DA:37,1
DA:41,2
DA:42,3
DA:43,3
DA:44,3
DA:45,2
DA:46,2
DA:47,2
DA:48,2
DA:50,1
DA:51,1
DA:52,1
DA:55,2
DA:57,1
DA:58,1
DA:62,2
DA:63,7
DA:64,7
DA:65,7
DA:66,7
DA:67,6
DA:69,4
DA:70,4
DA:71,3
DA:72,2
DA:73,2
DA:76,2
DA:77,2
DA:78,2
DA:79,2
DA:80,2
DA:82,1
DA:83,1
DA:87,0
DA:88,0
DA:89,0
DA:90,0
DA:91,0
DA:95,1
DA:99,1
DA:100,1
DA:101,1
DA:106,1
DA:111,0
DA:114,2
DA:116,1
DA:118,1
DA:119,1
DA:123,2
DA:124,5
DA:125,5
DA:126,5
DA:127,4
DA:129,3
DA:130,2
DA:131,1
DA:133,1
DA:134,1
DA:138,2
DA:139,5
DA:140,5
DA:141,5
DA:142,4
DA:143,3
DA:144,2
DA:145,2
DA:146,2
DA:147,2
DA:149,2
DA:150,2
DA:151,2
DA:152,2
DA:153,2
DA:154,1
DA:155,1
DA:159,0
DA:160,0
DA:161,0
DA:162,0
DA:163,0
DA:167,1
DA:170,1
DA:171,1
DA:172,1
DA:177,1
DA:182,0
DA:185,2
DA:187,1
DA:188,1
DA:192,2
DA:193,4
DA:194,4
DA:195,4
DA:196,3
DA:197,2
DA:198,1
DA:199,1
DA:201,1
DA:202,1
DA:206,2
DA:207,5
DA:208,5
DA:209,5
DA:210,5
DA:211,5
DA:213,4
DA:214,3
DA:216,2
DA:217,2
DA:219,1
DA:220,1
DA:224,2
DA:225,3
DA:226,3
DA:227,3
DA:228,2
DA:230,1
DA:231,1
DA:233,1
DA:234,1
LF:143
LH:131
BRDA:11,0,0,1
BRDA:11,0,1,4
BRDA:14,1,0,4
BRDA:14,1,1,3
BRDA:15,2,0,1
BRDA:15,2,1,1
BRDA:18,3,0,2
BRDA:18,3,1,0
BRDA:19,4,0,1
BRDA:19,4,1,1
BRDA:32,5,0,2
BRDA:32,5,1,1
BRDA:48,6,0,1
BRDA:48,6,1,1
BRDA:50,7,0,1
BRDA:50,7,1,0
BRDA:51,8,0,1
BRDA:51,8,1,0
BRDA:57,9,0,1
BRDA:57,9,1,0
BRDA:65,10,0,0
BRDA:66,11,0,1
BRDA:66,11,1,6
BRDA:67,12,0,2
BRDA:67,12,1,4
BRDA:67,13,0,6
BRDA:67,13,1,5
BRDA:70,14,0,1
BRDA:70,14,1,3
BRDA:71,15,0,3
BRDA:71,15,1,2
BRDA:72,16,0,2
BRDA:72,16,1,0
BRDA:78,17,0,2
BRDA:78,17,1,2
BRDA:79,18,0,2
BRDA:79,18,1,0
BRDA:80,19,0,1
BRDA:80,19,1,1
BRDA:87,20,0,0
BRDA:87,20,1,0
BRDA:89,21,0,0
BRDA:89,21,1,0
BRDA:89,21,2,0
BRDA:90,22,0,0
BRDA:90,22,1,0
BRDA:103,23,0,1
BRDA:103,23,1,0
BRDA:118,24,0,1
BRDA:118,24,1,1
BRDA:118,24,2,0
BRDA:127,25,0,1
BRDA:127,25,1,3
BRDA:129,26,0,1
BRDA:129,26,1,2
BRDA:130,27,0,1
BRDA:130,27,1,1
BRDA:142,28,0,1
BRDA:142,28,1,3
BRDA:143,29,0,1
BRDA:143,29,1,2
BRDA:144,30,0,0
BRDA:146,31,0,1
BRDA:146,31,1,1
BRDA:151,32,0,2
BRDA:151,32,1,2
BRDA:152,33,0,2
BRDA:152,33,1,0
BRDA:153,34,0,1
BRDA:153,34,1,1
BRDA:159,35,0,0
BRDA:159,35,1,0
BRDA:161,36,0,0
BRDA:161,36,1,0
BRDA:161,36,2,0
BRDA:162,37,0,0
BRDA:162,37,1,0
BRDA:174,38,0,1
BRDA:174,38,1,0
BRDA:196,39,0,1
BRDA:196,39,1,2
BRDA:197,40,0,1
BRDA:197,40,1,1
BRDA:211,41,0,1
BRDA:211,41,1,4
BRDA:214,42,0,1
BRDA:214,42,1,2
BRDA:219,43,0,1
BRDA:219,43,1,0
BRDA:228,44,0,1
BRDA:228,44,1,1
BRDA:233,45,0,1
BRDA:233,45,1,0
BRF:93
BRH:65
end_of_record
TN:
SF:src\controllers\userController.js
FN:3,(anonymous_0)
FN:15,(anonymous_1)
FN:27,(anonymous_2)
FN:31,(anonymous_3)
FN:39,(anonymous_4)
FN:52,(anonymous_5)
FN:65,(anonymous_6)
FNF:7
FNH:7
FNDA:4,(anonymous_0)
FNDA:2,(anonymous_1)
FNDA:2,(anonymous_2)
FNDA:2,(anonymous_3)
FNDA:3,(anonymous_4)
FNDA:3,(anonymous_5)
FNDA:2,(anonymous_6)
DA:3,2
DA:4,4
DA:5,4
DA:6,4
DA:7,3
DA:8,2
DA:10,1
DA:11,1
DA:15,2
DA:16,2
DA:17,2
DA:18,2
DA:19,2
DA:20,1
DA:22,1
DA:23,1
DA:27,2
DA:28,2
DA:29,2
DA:30,2
DA:31,2
DA:32,1
DA:34,1
DA:35,1
DA:39,2
DA:40,3
DA:41,3
DA:42,3
DA:43,3
DA:44,2
DA:45,1
DA:47,1
DA:48,1
DA:52,2
DA:53,3
DA:54,3
DA:55,3
DA:56,3
DA:57,2
DA:58,1
DA:60,1
DA:61,1
DA:65,2
DA:66,2
DA:68,2
DA:69,1
DA:71,1
DA:72,1
LF:48
LH:48
BRDA:7,0,0,1
BRDA:7,0,1,2
BRDA:43,1,0,1
BRDA:43,1,1,2
BRDA:56,2,0,1
BRDA:56,2,1,2
BRF:6
BRH:6
end_of_record
TN:
SF:src\middleware\auth.js
FN:4,(anonymous_0)
FNF:1
FNH:1
FNDA:3,(anonymous_0)
DA:4,1
DA:5,3
DA:6,3
DA:7,3
DA:8,2
DA:9,2
DA:10,2
DA:11,1
DA:12,1
DA:14,1
LF:10
LH:10
BRDA:5,0,0,3
BRDA:5,0,1,1
BRDA:7,1,0,1
BRDA:7,1,1,2
BRF:4
BRH:4
end_of_record
TN:
SF:src\models\teamModel.js
FN:3,(anonymous_0)
FN:12,(anonymous_1)
FN:18,(anonymous_2)
FN:31,(anonymous_3)
FN:49,(anonymous_4)
FN:59,(anonymous_5)
FN:68,(anonymous_6)
FN:75,(anonymous_7)
FN:130,(anonymous_8)
FN:135,(anonymous_9)
FN:165,(anonymous_10)
FNF:11
FNH:11
FNDA:4,(anonymous_0)
FNDA:3,(anonymous_1)
FNDA:2,(anonymous_2)
FNDA:5,(anonymous_3)
FNDA:1,(anonymous_4)
FNDA:4,(anonymous_5)
FNDA:4,(anonymous_6)
FNDA:14,(anonymous_7)
FNDA:3,(anonymous_8)
FNDA:7,(anonymous_9)
FNDA:7,(anonymous_10)
DA:3,2
DA:4,4
DA:9,4
DA:12,2
DA:14,3
DA:15,3
DA:18,2
DA:20,2
DA:28,2
DA:31,2
DA:32,5
DA:33,5
DA:34,5
DA:36,3
DA:47,3
DA:48,2
DA:49,2
DA:51,2
DA:52,2
DA:53,2
DA:55,3
DA:56,3
DA:59,2
DA:60,4
DA:61,4
DA:65,4
DA:68,2
DA:71,4
DA:72,4
DA:75,2
DA:76,14
DA:77,14
DA:78,14
DA:79,14
DA:80,13
DA:82,13
DA:83,13
DA:84,14
DA:85,14
DA:87,14
DA:88,14
DA:89,14
DA:90,4
DA:92,3
DA:93,3
DA:96,14
DA:97,4
DA:99,3
DA:100,3
DA:103,14
DA:104,14
DA:105,14
DA:107,14
DA:108,4
DA:109,4
DA:110,7
DA:111,7
DA:112,7
DA:113,4
DA:115,2
DA:116,2
DA:118,4
DA:122,13
DA:123,13
DA:125,1
DA:126,1
DA:127,14
DA:130,2
DA:131,3
DA:132,3
DA:135,2
DA:136,7
DA:137,7
DA:138,7
DA:139,7
DA:140,6
DA:141,2
DA:142,2
DA:143,1
DA:145,1
DA:147,2
DA:148,2
DA:149,2
DA:151,4
DA:152,4
DA:153,4
DA:154,4
DA:155,4
DA:158,1
DA:159,1
DA:161,7
DA:165,2
DA:166,7
DA:167,7
DA:168,7
DA:170,7
DA:173,6
DA:174,1
DA:175,1
DA:178,5
DA:179,4
DA:180,4
DA:182,4
DA:183,4
DA:184,4
DA:186,2
DA:187,2
DA:188,7
LF:108
LH:108
BRDA:3,0,0,3
BRDA:7,1,0,4
BRDA:7,1,1,3
BRDA:33,2,0,5
BRDA:33,2,1,2
BRDA:34,3,0,2
BRDA:34,3,1,3
BRDA:51,4,0,2
BRDA:51,4,1,1
BRDA:52,5,0,2
BRDA:52,5,1,1
BRDA:63,6,0,4
BRDA:63,6,1,4
BRDA:63,7,0,4
BRDA:63,7,1,3
BRDA:65,8,0,4
BRDA:65,8,1,1
BRDA:72,9,0,4
BRDA:72,9,1,1
BRDA:85,10,0,14
BRDA:85,10,1,1
BRDA:89,11,0,4
BRDA:89,11,1,10
BRDA:90,12,0,1
BRDA:90,12,1,3
BRDA:93,13,0,1
BRDA:93,13,1,2
BRDA:96,14,0,4
BRDA:96,14,1,10
BRDA:97,15,0,1
BRDA:97,15,1,3
BRDA:100,16,0,1
BRDA:100,16,1,2
BRDA:103,17,0,14
BRDA:103,17,1,14
BRDA:107,18,0,4
BRDA:107,18,1,10
BRDA:107,19,0,14
BRDA:107,19,1,4
BRDA:112,20,0,3
BRDA:112,20,1,4
BRDA:113,21,0,2
BRDA:113,21,1,2
BRDA:116,22,0,1
BRDA:116,22,1,1
BRDA:118,23,0,3
BRDA:118,23,1,1
BRDA:132,24,0,3
BRDA:132,24,1,1
BRDA:135,25,0,1
BRDA:140,26,0,2
BRDA:140,26,1,4
BRDA:140,27,0,6
BRDA:140,27,1,6
BRDA:142,28,0,1
BRDA:142,28,1,1
BRDA:151,29,0,3
BRDA:151,29,1,1
BRDA:152,30,0,1
BRDA:152,30,1,3
BRDA:173,31,0,1
BRDA:173,31,1,5
BRDA:178,32,0,4
BRDA:178,32,1,1
BRDA:178,33,0,5
BRDA:178,33,1,4
BRDA:180,34,0,1
BRDA:180,34,1,3
BRDA:182,35,0,4
BRDA:182,35,1,1
BRDA:184,36,0,4
BRDA:184,36,1,1
BRF:72
BRH:72
end_of_record
TN:
SF:src\repositories\teamRepository.js
FN:4,(anonymous_0)
FN:5,(anonymous_1)
FN:6,(anonymous_2)
FN:7,(anonymous_3)
FN:8,(anonymous_4)
FN:9,(anonymous_5)
FN:10,(anonymous_6)
FN:11,(anonymous_7)
FN:12,(anonymous_8)
FN:13,(anonymous_9)
FNF:10
FNH:10
FNDA:1,(anonymous_0)
FNDA:1,(anonymous_1)
FNDA:1,(anonymous_2)
FNDA:1,(anonymous_3)
FNDA:1,(anonymous_4)
FNDA:1,(anonymous_5)
FNDA:1,(anonymous_6)
FNDA:1,(anonymous_7)
FNDA:1,(anonymous_8)
FNDA:1,(anonymous_9)
DA:4,1
DA:5,1
DA:6,1
DA:7,1
DA:8,1
DA:9,1
DA:10,1
DA:11,1
DA:12,1
DA:13,1
LF:10
LH:10
BRF:0
BRH:0
end_of_record
